2XCJ-B
3QX1-A
5B82-A
5O33-B
4A69-C
4R1J-A
5BXR-B
2WDC-A
5LXV-A
3RGA-A
5INB-B
3N4J-A
1LMI-A
4R6H-A
4GOF-A
2HQL-D
3Q8J-A
4OOG-B
1BM9-B
4OPC-A
3RS1-B
1TWU-A
2G3R-A
5JRY-A
5XEC-A
3VA4-A
4IL6-C
2Z69-B
1OKC-A
1HQZ-7
3L9A-X
4FPR-C
4GX8-D
1SDI-A
1GCQ-C
4ZC3-A
3BVF-F
4CP6-A
1WPN-B
1V05-A
3ZH9-B
4M70-J
4G55-A
3PVT-A
1ITB-B
2YXN-A
3DFG-A
1NP0-B
3JQY-A
3VPB-F
1ZV1-B
3KMA-A
5K5Z-D
1WUR-A
3GWN-A
2EJX-A
3FXD-B
2G30-A
3N0U-C
2CCM-B
1HX6-B
3CUO-A
4XEZ-A
2D5W-A
3H0U-B
3LQN-A
3DSK-A
1Q6Z-A
3HMS-A
4ERC-A
3LET-B
1S1D-A
4UF1-A
3A99-A
1F3U-C
4C92-E
5GV8-A
2OHW-A
5HRB-A
5EDL-A
5N2C-B
3KKI-B
3CI3-A
5MQP-C
5LLT-B
5LHX-B
2XCI-C
1VPQ-A
1FLT-Y
3NG7-X
1LBQ-B
1T77-C
4UEY-B
5V77-B
1D02-B
4BVX-B
2WF7-A
3OGN-A
5J1G-B
2O90-A
4RU1-F
4S28-A
3RVC-A
2B97-A
2H5N-B
5V3W-A
3KCU-E
1J2J-B
3TBN-A
3PIV-A
3EZI-B
4HFQ-B
2HDI-B
5H6Z-A
1XSZ-A
2VPB-B
3HZ8-A
5JJE-B
5D1R-A
3UW3-B
5U47-A
3U1C-B
1XUB-A
2YVT-A
5ET1-B
5DZO-A
4ZUR-B
3FPC-D
3C7M-A
2OFK-B
5CWT-B
4DVK-A
5F6R-B
1YRB-A
4RY1-B
4TJV-A
4CD5-A
1M55-A
2W83-D
5FFX-C
4JEJ-A
5MX9-A
3PVH-A
1YT5-B
4RU4-F
4TS4-A
2PQX-A
3WWT-B
2DE3-A
2ANE-D
5BY8-B
3VOP-B
2OXG-D
3KRA-C
4CVB-A
5VR2-B
2NXV-B
4PK9-A
2HAL-A
3T47-B
4OFK-B
4ZQA-A
4OHJ-A
4WBD-A
4GEI-A
2FYU-K
4XRF-A
2XZ9-A
2VUN-C
4JHC-A
1Z1S-A
4MF5-A
2EAQ-A
3DXE-A
5GZK-A
4IZ7-B
4YI8-A
3O48-A
5A6S-B
1A1X-A
1VBW-A
5B52-B
5XM5-B
4EH1-A
3ZHI-A
4TSD-B
5K8P-D
4PH2-B
4HGU-A
2IVY-A
4HY4-B
2FSD-B
4UB8-E
5ECD-A
3U65-B
2HS1-B
2BAY-F
4IUL-B
1M15-A
1JFB-A
1JH6-B
2ZRR-A
1YRK-A
4YTO-B
2ZTB-B
3HE5-B
2Y8T-B
1PPJ-T
5CZC-A
5HDW-A
1KOL-A
5OLU-A
1CJW-A
4N7C-A
5FH7-A
4Q25-B
3ZZO-A
3WWC-A
3GON-A
5UD5-B
2X4L-A
1K0I-A
1AH7-A
1MIX-A
3RC1-A
3U0V-A
5U5N-B
1DBW-B
5T5I-J
1Q7L-C
5V50-F
4JB3-A
3I0W-A
3G9M-B
3FGR-B
1SU1-A
4I4O-B
4H7Y-C
4HTG-A
3QXC-A
3FT7-A
4LE3-C
2HU9-B
2HVW-C
3P0F-A
1QNR-A
2VBK-A
4R0S-B
2P62-A
1XK5-A
3JUM-A
4OLT-B
3RY0-A
1GWM-A
4EXK-A
1ZR6-A
4L2I-B
5NL9-B
3OIQ-B
3V5C-C
5EN8-B
4ZQU-A
2J6B-A
2PVB-A
4DCK-A
3GMI-A
2VC8-A
1N7K-B
1D0Q-A
2X9K-A
4K3Z-A
3O0G-E
5W8E-A
4XPX-A
5JUH-A
3FBL-A
4K6N-A
3RKC-B
5B1A-D
1D3B-B
4CN0-B
4L8A-A
3BMZ-B
3T9O-B
5CEC-B
5HB7-A
2H1V-A
1LO7-A
4RYO-A
1XFK-A
5DOC-B
2OZN-A
4UYB-A
2Q01-C
3WVT-A
5C50-B
2DTJ-A
2DS5-A
2GOM-A
4YWA-D
3RF3-B
3H7J-B
5DBL-A
5MPT-A
2D00-C
1WB4-B
3AWU-A
3L4Q-D
5WQW-A
2PK8-A
1CCZ-A
4C47-A
3E7K-D
4LLD-B
1TVF-A
5G25-A
3L46-A
5TCB-A
2YBY-A
4XUW-B
3BBZ-B
4E3X-A
2YMK-A
5GYY-A
5K8C-A
5J80-A
5J3U-A
5V2O-F
1PYA-A
5ECK-D
3GS2-B
3M03-A
4MB0-A
4WWF-A
5GIZ-A
2NNU-A
2XPW-A
1GU2-B
3CVZ-C
4DMG-B
4UAF-E
5U35-B
1U8V-C
4H9N-C
3F1I-H
4TM7-A
5NGG-A
5ODQ-H
5AE0-A
4C2V-D
4CCW-A
1DUN-A
2IU5-B
2NWF-A
1YF2-A
4N3X-C
4ZWN-D
2QU7-A
5AZP-A
4V12-A
2VX8-B
4GZK-A
3WIW-A
3NTK-A
3P8C-F
4ES8-B
5EP6-A
1U7P-D
2I2X-J
4N8N-D
1PM4-B
4A1R-A
4L0R-B
3GQH-B
3QHY-B
5A9D-A
5VHG-A
3N5B-B
2IF6-A
1J7D-A
5HAL-A
3S35-X
3WEC-A
1OO0-B
4INO-B
3TJ8-B
2A6Z-A
4P0G-A
3VK5-A
2A6S-B
1Y96-A
5UM2-A
3ON9-A
3WIS-A
3G0M-A
1WLG-A
3T7Z-A
3MX7-A
4YZ0-A
4DTH-A
2VFR-A
3GE3-A
4BQN-A
5XCY-A
4UNU-A
2WP7-A
2NSC-A
2IJQ-B
1LTS-C
4YMY-A
5J4I-A
5K3X-A
4K9Z-A
5NSA-A
5IHF-B
1K6K-A
3HJ7-A
2BJU-A
2HYJ-A
3HE4-H
3CBW-A
3CTP-A
2VK8-C
4AS2-D
1T4W-A
4QXB-C
3C70-A
4PQG-B
3X0T-A
3PUC-A
1KCM-A
4Y9V-A
4ZCE-B
4EIJ-A
5AQM-B
2OBD-A
4LY1-C
4P7X-A
5MK9-A
4NHE-A
5B1A-P
5KVG-E
3AML-A
1I1W-A
4F43-A
3WDC-A
4YPC-A
4R1Q-E
3U52-E
5SYB-B
3WX4-A
4MAK-B
4M5B-A
1JB0-I
4EQS-B
4M1B-A
3GNE-B
5IL6-B
4XU6-A
1WKR-A
2VLA-A
4F01-A
4RRI-A
2RIQ-A
5OPF-A
5E7H-A
5T77-A
1PEA-A
5LXX-B
3WCQ-A
1STZ-A
1WLU-A
4A9V-A
3MMH-B
5BMO-C
2XN6-B
1GY7-B
4CZX-A
4AL0-A
4RL3-B
5A96-A
4BJZ-A
4Z9D-B
4H14-A
5GXE-A
3EJ9-C
4R6Y-A
2GJ2-D
5B3P-A
4UB8-J
1YA5-T
5X6V-G
3S6P-B
5GN2-D
4A57-C
2FDB-N
1FQJ-C
2H9A-A
5H2F-F
3ZK4-C
5N40-A
2WTG-A
1BGF-A
2GIA-B
2ZE3-A
5FLW-A
5FLH-B
4ZI5-B
4BJJ-A
5GUQ-C
3HTK-C
2AZ4-A
1X9I-B
4XB6-G
5OMB-D
3A35-A
4NMX-A
1XAU-A
5E10-A
3IGH-X
3VJ9-A
5GGN-A
4R80-A
1MGT-A
2PNE-A
3EIN-A
1UI0-A
1M9Z-A
3E56-A
2E4M-C
4EIC-A
4NDS-B
2YGG-A
5H9N-A
4FQG-B
5THX-A
4MZA-B
1PCF-E
1RJ7-M
2GR7-F
6AON-B
1N26-A
2CIW-A
2GWM-A
1SH8-A
4RHW-E
1QHD-A
1U2H-A
2OKM-A
4S0U-C
1WY5-B
3I96-C
3LDC-A
5SV2-A
4FN7-C
1H6F-B
5U55-D
5VPS-A
3E4W-A
1JDH-B
2BT9-C
4ID9-B
1J1T-A
4EGW-B
5UMF-B
5HDK-D
3R24-A
2QGY-B
4Y0X-A
1PBY-B
1X19-A
3EWG-A
1KMO-A
3UOI-U
2WCR-B
4D6G-A
4X90-D
4EUN-A
3CX5-N
2BL2-B
3IX0-D
4GVQ-A
2EGV-A
1I8A-A
4XEK-A
3RQ9-B
5DE3-A
2EBE-B
3LOG-C
4M85-B
2I00-B
3ODV-A
4PGR-A
1X0T-A
5EZU-B
4DYQ-B
2E11-B
3U7Z-A
3VMK-A
5M7D-A
5M1P-B
3Q87-B
3CX5-L
4N6Q-A
1H3O-A
2II2-A
4G92-A
3X0I-A
5CL2-B
1Q0R-A
1RKQ-B
3C2U-C
2HQY-A
4D53-A
5IJJ-A
5UBP-B
5XZG-A
4OMF-G
2W1R-A
4G0A-D
3GOC-B
5U69-A
4RHZ-B
2VXP-A
5IZW-B
5GVA-A
2E2O-A
4QUS-A
4I0W-A
3MJH-B
3AJ7-A
4LWU-A
2OV0-A
3GMF-A
5JVK-A
5HRA-B
4WFQ-A
3RBY-A
1RG8-B
4ABX-C
4PXE-A
2WY4-A
3B0X-A
1V72-A
4PMX-A
4P3H-A
5EPW-A
5B66-U
4L2W-A
4U9H-L
4GT8-A
4I6Y-A
4V0P-A
5JG9-B
5NG9-A
3S8S-A
4BSP-A
1UEK-A
1OO0-A
5ODQ-F
1MUN-A
4G4G-A
5V2C-C
5TT6-A
2WSW-A
2QJT-B
1QSM-C
3H0O-A
5JED-A
3CIN-A
2VZP-A
2PUZ-B
4DKC-B
5TUU-A
2YF2-B
5UAM-B
4UIQ-A
5EXH-C
5KU5-A
3LP5-A
2VE8-F
4U8F-B
4KE2-A
1MO9-B
2VQE-Q
4UF7-A
2V52-M
5DWA-B
3H7H-B
5HWE-A
3EMI-A
5B1A-U
5MHJ-A
1RI5-A
1TWF-I
1O98-A
3IVV-A
1GCI-A
2SAK-A
1ID1-B
3BY8-A
2R25-A
5AUN-A
5B66-L
4V1G-A
2IW1-A
4O7J-B
4G3V-A
5FN7-B
1T0F-C
3W0O-A
4P5N-B
1YOZ-B
4ZMI-A
4ERR-A
3Q9L-B
2VOK-A
1VHZ-A
4ZLH-A
5W53-B
1JY2-R
3CAI-A
1KNG-A
1QZG-B
5HGZ-A
4B1Y-M
3GQ8-A
3VDJ-A
2ZEX-B
4MP8-A
3NVS-A
3HPY-B
4H0F-B
3U28-B
2FMA-A
3HRO-A
1G5T-A
1USG-A
3C57-A
4I6X-A
4HPM-A
5GQF-B
2OIZ-A
6ANZ-A
4I86-B
3H5J-A
3WU2-B
1SGW-A
4ZH5-B
2Q97-T
3CX5-F
2XJ4-A
4L5E-A
1WTJ-B
5CWQ-A
3G2B-A
2YXY-A
5LLJ-B
3CRY-A
5TPI-A
2GHV-C
4FUV-A
4CII-A
2XW6-C
2DKO-B
3OBL-A
3ZIW-F
4YK2-A
5DIC-A
4DQ6-B
3GUD-B
1YK3-A
2ZE7-A
5J2L-A
5ISU-A
3FHK-D
5CNW-A
4BJT-B
4HCS-A
1KQF-C
3VPB-A
2IDL-B
4MJD-B
3TQ2-A
2VRS-B
1VR4-D
2CC6-A
4PY3-C
3WAR-A
2R9F-A
3DBO-A
5EMX-B
3WV7-C
5B66-F
5A61-A
2XEU-A
1ZD0-A
1Q5Z-A
3PHS-A
2A14-A
2CG7-A
5V6J-C
2NS9-B
4ES7-A
4GMQ-A
1V8H-B
2UX1-I
3ZG9-A
5Y78-A
4Q4W-2
2FKC-B
2GUD-B
1YZY-A
2EQ7-C
2XMJ-B
4WQK-A
2Q9U-B
2YYY-B
5X5V-A
3T2C-A
3KYF-A
5TIF-A
2NML-A
2Y5P-D
1T0B-B
4ATG-A
1QD1-B
2C6U-A
2FBI-A
4PKF-B
3LHC-A
1YWM-A
2XWT-C
5WF2-A
2QFE-A
2OZN-B
5NON-C
2OYY-D
4HST-B
2I06-A
2B4H-B
3TE8-B
1GK9-A
1M4J-B
5FMD-A
1Q5Y-C
4HE7-A
4AY9-H
4W8H-A
4R17-F
3O7B-A
5HXK-B
3IPF-B
2ZUX-B
3TVQ-A
1HP1-A
5LJP-A
4MNO-A
1UFH-A
3FRY-A
3OHS-X
2IO0-A
4B2N-A
1HFE-T
5JDA-A
1VCA-B
2Z48-A
2Z3Q-C
2WGM-T
4KQD-B
5N41-A
5JFF-D
1GPR-A
4Q3O-C
5VGT-A
2RJ2-A
2IP6-A
3HG9-A
4OBX-B
3L8E-A
3FVV-A
2V76-C
5NGN-B
3H8D-C
1P4X-A
5V01-A
5HUB-A
3W0T-D
1DJ8-D
5SVY-A
4YAA-A
1REQ-B
2D42-B
4K2J-B
1V77-A
1GXM-B
1EEJ-A
5GJK-B
4XB6-A
2F4M-A
1H21-B
1Z6O-B
2BL0-A
4OH7-A
5EHI-C
5O58-A
1J6R-B
5IP4-E
5KVM-A
4ZO2-B
1YNP-B
4UQX-A
4AQO-A
3R9F-B
5H62-B
5EWU-A
4TME-B
4RBR-B
4LGJ-A
4BFG-A
3CJS-B
1GO3-F
4R9I-A
4YEC-B
4JOI-D
3GA4-A
1EJF-B
2B9W-A
4O1E-A
4AGR-B
4MCO-B
5EFV-B
5HJ9-A
1U3D-A
5VX1-B
4EHX-A
1L9X-C
2GEY-C
2P8R-A
5IK4-A
4HFK-D
1YTL-C
2Z5W-A
5U96-A
5FBF-A
2DPF-D
3HKV-B
4QJV-A
2PT7-G
3OAJ-A
1QO0-D
5H9I-A
2VFO-A
3MU7-A
1SFS-A
1PO5-A
5YAL-A
3CX5-T
4E6S-A
2H88-Q
2XT2-A
2PS5-B
3CZ1-B
3BFO-B
4LUQ-C
4C92-B
3IDW-A
2HB0-A
3SHS-A
1W6S-C
3GO2-A
3UFE-A
1KMT-B
1WD3-A
1EI5-A
2W8X-B
4CSR-B
1EER-C
2Q0O-C
3HIM-B
3D30-A
5LGD-A
3H79-A
3SOK-A
4RLE-A
4YY2-A
4N0N-A
5NAA-A
4JEM-B
5II0-C
3TCV-A
3LXR-F
3URR-A
1OW4-B
4EQB-B
2QHF-A
4Z80-B
5AZB-A
2XFR-A
1WQL-B
2QLT-A
3ZSS-C
2GJ3-B
2FBA-A
3W8I-B
3ZSU-A
1B35-C
3AJV-A
5XGA-A
4LRL-C
5VGB-B
3PKZ-D
1WVF-A
2ANX-B
3WWQ-L
1NKR-A
5NWP-B
4YZG-A
1X8D-C
2NX4-B
5IZS-D
2VKJ-B
2ASB-A
3VXC-B
4XYP-A
1SGM-A
5IWH-A
3ERV-A
1XPJ-D
4M5E-A
3N9Y-A
2X32-A
1L2P-A
4MCW-A
3AMR-A
1QFT-B
2AEU-A
3EUN-A
4O87-B
4G8T-A
4UHO-A
5CZY-A
3D2U-A
1WMI-D
3HTU-C
3NOQ-A
5GUF-A
1TVG-A
4XQC-A
1T0F-B
5GJI-A
4WBJ-B
4OU6-B
2IH2-D
1BYI-A
2YIL-E
2P51-A
2XOM-A
4ACJ-A
2Z3X-C
2GZ4-C
3CQX-D
1ZT3-A
3GWJ-C
1M4L-A
5J1J-A
3AU4-B
3WMV-B
3D1B-C
1BQU-B
1XMK-A
1JDW-A
5C8H-A
4I1K-B
3L60-A
1TWF-F
3JZ0-B
1UJC-A
4UXU-B
5BPD-A
5OAR-C
1ZUO-A
5CES-A
5B66-I
4AR9-A
1YGT-A
1CWV-A
2HRA-A
4P82-A
4ZFL-J
1XT8-A
5LDD-D
3VEP-G
1GUT-E
3NO0-A
5W93-B
3BH7-B
4M51-A
5CTV-A
4QXL-A
4R1D-B
3IJ6-D
2VV6-C
3I2K-A
5FQE-B
4NEC-B
3VZX-A
4RWU-A
3U7Q-B
1VQO-O
4QTC-A
4Z6M-B
1JEK-A
3OOY-B
4Z80-C
4FK9-A
2NWI-F
5KXH-B
1GU3-A
2FHZ-B
3TVJ-A
2BKM-B
1JIW-I
5WOQ-A
2A40-E
5WI2-A
5W2F-A
3HTU-D
1EAJ-B
3QU5-A
3A8G-B
5EX8-A
4W78-C
1DZF-A
1Y43-B
4R3N-B
5J49-B
4PQZ-A
2V84-A
1PYA-F
3SNY-A
5EK5-A
2GHT-B
2FCW-B
1ATG-A
5H0M-A
1VL7-A
3CM3-A
5KVR-A
4UN1-B
2ZHJ-A
1IGQ-C
1T8K-A
3RO3-A
5TS9-D
3VEN-A
2OQB-B
5U02-A
1P2X-A
3VOR-A
4G4K-B
1Y9W-B
3IFE-A
2ORY-B
2HQT-D
1YDY-A
2W3P-B
1WBH-C
1ZHX-A
4DMV-A
5KLE-A
4Q7E-A
4OH8-B
3A5P-A
5O2X-A
3F1P-B
1DK8-A
4R0R-A
2BKF-A
4CIJ-B
2OJ5-E
4KN8-A
5HE9-E
1G66-A
4OA3-A
2BSJ-A
4OD8-C
1Z2U-A
2RKL-C
3OY2-B
3QF2-A
1GP0-A
3RX9-A
4M91-A
5B8D-A
4B4U-B
4Y2F-A
4CVD-A
2W7N-B
4HCE-A
4I1L-A
2H88-N
1YD0-A
3SZ3-A
4FZQ-E
4UHQ-A
4J4H-C
4G9S-B
1EJ8-A
1LQV-A
2J5Y-A
3RFA-A
2W39-A
5JPO-E
1IZC-A
2XVS-A
2WY3-B
4J7N-A
4U8P-C
1RYI-B
4RUQ-B
2V6K-B
3CHJ-A
5CVW-A
4PEU-A
5HDM-B
1RFY-B
1M4I-B
3S2J-A
5UN7-A
3KVN-A
1XTT-C
5SY4-B
4CSR-A
3LS9-A
4J8C-A
3P0K-A
1V5V-B
2P09-A
2OM2-B
5JWO-B
5KD5-A
5K2L-A
5VGL-A
5MX2-B
1K5N-B
4YNH-B
4B4Y-A
1ZHV-A
4LH9-A
3KF6-B
5IT3-B
4UA6-A
1DQP-B
1K7C-A
3IEY-B
3WA1-A
4FHR-A
3IB7-A
4WD8-C
4KGD-B
5EZQ-A
2OEB-A
3S64-A
3PB6-X
2V9V-A
4GQB-A
5UJU-B
5CX6-B
1ELU-A
3R62-B
2VM9-A
1O7I-A
3MXN-A
4M82-A
1JHS-A
3TEK-B
4S1H-A
4LYP-A
3DXR-A
1HLV-A
2UWJ-E
5H66-C
5Y9W-C
1XIW-A
5OD6-B
4W4K-B
2BL0-B
4YAR-A
2Q35-A
5M17-A
2PV2-D
5CEG-B
2I6V-A
1A92-B
3LHS-A
3POJ-B
4C6S-A
1TXG-A
5FFG-B
4GNE-A
1OTK-A
6B9F-A
1F86-A
4G6T-B
1UJ8-A
3VIQ-A
4LXQ-B
5MWN-B
2D48-A
3K1H-A
4M2M-A
5I9J-A
3KLJ-A
3ZRX-B
3E59-A
4TS5-B
4WHI-A
3V68-A
4CFS-D
5JUG-A
2GQT-A
4K7B-A
2D0B-A
3PG0-A
5M2Y-B
2IC6-A
1EI9-A
4X86-B
1E5K-A
4YHV-A
1B9W-A
2PD2-A
1TJL-A
1F46-B
5NUV-A
2ERV-A
3CYP-D
1BHE-A
3VMN-A
1DMU-A
4ZJU-A
2X4D-A
2ET1-A
1HZ6-A
3TXY-A
2XVM-A
1CLV-I
2JCB-B
2CVI-B
5GTU-A
4HAT-B
2PHN-B
2WH6-A
1D2O-A
5B66-A
1Z8U-C
4R75-A
1JMV-A
5CCF-A
5HEE-A
3H6Q-A
5M72-A
4Z39-B
5JUF-A
5C8Z-B
4Y7U-A
3K1R-B
3GN3-B
1EWF-A
2WY8-Q
4R17-A
3MXN-B
5YDE-A
4ZD6-F
1LQ9-A
2FHZ-A
5H2F-I
5G3Q-B
4MT4-A
3OIS-D
2DST-A
2QRL-A
1ATZ-B
2ECE-A
3AOF-B
5GV3-B
2HBA-B
3KFF-A
3BWU-D
4ZSI-B
3ZFP-A
3ORY-A
1JHJ-A
5COW-A
2CZS-B
3EYE-A
3WOC-D
5HWN-B
5I6K-A
2E8E-A
4LEB-A
4LJI-B
4C3S-A
5H4S-A
4LD1-A
5LU5-D
1B5E-A
3EN0-A
4BOE-A
3SUM-D
1KVE-C
2FZV-A
5K2X-A
3VUB-A
5T51-B
4A2B-A
1MXR-A
3U28-C
1OGO-X
4MEJ-C
2W91-A
4P09-A
5KY0-B
5X4T-A
4P6Q-A
3Q4O-A
1IRQ-B
5LC9-D
4F0Z-C
4MTM-A
1CYW-A
3MHS-B
1D4A-D
2RDG-A
4ZQX-A
4TVS-B
2REM-C
4B9G-B
3WFD-C
5DQL-D
5HOE-D
4FQN-D
5WZF-A
2Q8V-B
1WOU-A
2ETB-A
4X9K-A
2HIN-B
3WJP-A
3DXY-A
3CL5-A
5GNG-B
3KSX-A
3DGP-A
5DP2-A
1D2Z-D
2ZU0-C
4C5W-A
4HI8-A
3HUG-F
3KGZ-B
4LTT-A
5LT5-B
4WTP-A
3QHB-B
3KEO-B
1C1Y-B
4QM9-B
5O01-A
4X7R-A
5H3V-A
1P90-A
5KNK-B
2FVY-A
2IGI-B
5M5E-B
1DS1-A
4MMS-C
1K4Z-B
4A94-C
5INR-C
2Z9W-B
4LF0-A
5AQC-A
1RK6-A
3VC8-B
2BIB-A
5XJN-A
1VSR-A
3B21-A
1JU2-A
5U3A-A
4KPP-A
3BF7-A
5E6G-A
3SGW-A
5AN6-C
5TTY-A
3JYO-A
4YDD-B
4I2O-B
2R91-C
3CX5-H
4RK2-B
2V79-A
3VYP-B
6AMG-B
4HMS-B
5CRB-B
5C8A-C
3NAP-A
1B33-N
3W5S-B
3CWN-B
2RDQ-A
5LTE-A
1QWG-A
1O8X-A
4XWW-A
1U5F-A
1EZG-B
3ZN4-A
3IT3-A
1CFB-A
4X84-B
5NB4-C
5NT7-A
1O6D-A
3FKC-A
3GLA-A
1TV8-A
4HNL-A
1IUJ-A
4IGI-A
2FI0-A
2P8Q-B
3A09-A
4ZV0-B
3MKH-D
1WCW-A
2XJP-A
4JHT-A
4PTZ-C
3D3B-A
2BBE-A
1VF7-L
2D68-B
4X8K-B
3A1Y-F
1N7S-C
3A9S-A
4HI8-B
3ULT-A
3TUF-B
3RPZ-A
5XN9-B
2OAA-B
5W8Q-B
5BNX-C
4ZVC-A
1BVY-F
1GJW-A
1MKF-B
5X9J-B
4W78-H
6B4A-B
5C9O-A
7AHL-B
2WAO-A
4U9V-B
4G7X-A
5LUN-D
2CVE-A
4DAM-D
5HDA-C
2OZL-C
4TKC-A
2E8G-A
5I90-A
4PF3-A
3SM4-B
3N6T-A
4LTY-A
5TK8-A
3RY4-A
4WKS-C
4M5R-A
2GXQ-A
4K84-B
3GR5-A
4P78-D
4JIM-A
1SVM-A
3UI4-A
5KVB-A
5KC1-B
2GDQ-B
4XXU-B
1LC5-A
3WT0-C
4OWT-C
4RFU-C
3T92-A
4OWF-A
4DWR-A
1JLY-A
4PT7-D
4KK7-A
1W8S-F
4FC3-E
4PH8-A
2AAL-B
3HSR-B
4WFT-C
6B9R-C
2DHO-A
2IG8-A
3UUL-A
1IIB-B
3KXT-A
4EOJ-B
4PD2-A
3NUT-A
2F8Y-A
3QB8-B
4RD4-A
4BLP-C
3RQ4-A
2HOX-D
4IIY-A
3DLI-C
1ZJC-A
5J4O-A
4HRO-B
2BNM-B
5J8Y-D
3QVL-B
2BM8-K
3ZDO-G
4OTN-A
3RZN-A
4O5F-A
3LX3-A
5E56-A
3LCC-A
1ZK4-A
4Q4W-1
4V1S-B
5MU3-B
1MTZ-A
5U75-A
2EK0-B
1IXV-A
4V2O-A
5A95-B
1AOC-B
3PO8-A
1HYO-A
4J5R-B
5WM1-A
3ZIU-B
1WZ3-A
2E9X-B
2JA4-A
2ZW2-A
2MCM-A
2A1I-A
4OQP-A
1F00-I
2WVB-B
3ETZ-A
4N02-A
4MKO-B
4Y6W-A
2VXT-I
5TSQ-A
1NBW-D
4NV4-A
3AJ4-A
5EHA-A
4BGB-A
5VIT-R
1B63-A
3F62-A
3HGU-A
4H2W-B
4C5E-H
3U01-A
1GSA-A
4FBJ-A
4DQJ-B
5XPC-B
3E1E-C
4OZK-A
3DXR-B
1BL0-A
2YJL-B
1QI9-A
2XCB-B
2WJ5-A
2XED-C
4FTF-A
1U60-C
3NNG-B
4Q3K-A
3NZN-A
2CXN-B
4TX5-B
1X54-A
5H06-B
1YPY-A
4FZ4-A
4NF1-G
3S5B-B
5XDT-A
3LRT-B
5IBW-C
4XFK-A
5FD9-A
4M1H-B
2NX9-A
4JYK-B
1DZK-A
3PL8-A
3IG9-D
1ES5-A
4JG2-A
3G98-A
4TPS-B
2EZV-B
3ONM-B
3LWT-X
2WPV-F
2XFV-A
1HI9-B
5J5L-A
3O0Y-B
5GMT-B
1RKI-A
4XE7-A
1UX5-A
2QV6-B
4G7V-S
3APS-A
2PQR-D
1GA6-A
1GYX-A
3V1A-A
5MAO-A
5IGI-A
2FCJ-A
5CGZ-B
1LUA-B
2F60-K
6B29-A
3SO6-A
2F23-A
4ZW9-A
1ODM-A
5C8G-B
2NTE-B
5L44-B
2RKN-A
4R5R-B
2HA8-A
4WHN-C
3NB0-C
3TEQ-C
1W1H-C
5VYQ-A
4ACF-C
2X5X-A
5ANZ-A
2WOL-A
1D4O-A
1T61-E
3OO8-A
4NL9-A
5B1A-E
5FEW-A
5MX2-F
3D34-B
3C8Y-A
5EX2-A
2CCV-A
2V3I-A
3D3B-J
5I8J-B
5NZO-B
5DVW-B
3NDZ-F
3CJJ-A
4I4C-B
2Z6O-A
5G23-B
3W42-A
4HST-A
4BWC-A
1D9C-B
2W31-A
4RBX-A
3C9I-C
4CHI-A
5F4W-A
2AXQ-A
1GXU-A
5T51-A
1P5V-B
3Q8D-B
4TPS-C
4M1X-D
2Y8N-B
3IMO-D
4WKA-A
1O9Y-A
5GYQ-A
2XTS-D
5FIA-B
3SOJ-A
3FOU-A
4DRI-B
3ONH-A
5I95-A
3A2E-A
5FMU-C
4PT1-B
5IDV-A
1R6D-A
5I41-B
2DJF-A
5IU1-A
5DMA-A
3TUO-A
1XFF-A
5H28-A
2YWV-B
4ZNK-A
4E2X-A
5JS4-B
2W2U-B
1JG1-A
5CQG-B
2J2J-C
4PM4-B
5L74-A
2BK9-A
3IGM-B
5A99-A
4HHR-A
5MDU-A
1VQO-E
1Q7L-B
2GU3-A
1J0P-A
5T7A-A
3PDY-B
4PHQ-C
5UBE-A
1SQW-A
2F07-B
1FI8-D
2GMY-F
1JB0-F
2BJI-B
2FCA-B
4GM6-D
5GRQ-A
2YG9-B
3OMY-A
2NTP-A
3VQJ-A
1ZTD-B
3B0F-B
4BND-A
4KEM-A
4B4D-A
5MX2-A
1HZT-A
4EFI-A
4NTD-A
3WH2-A
5UGW-A
5EB8-A
3NYT-A
4RP3-A
1U9K-A
1NEP-A
3EDV-B
1UCS-A
3BUX-D
4UZZ-B
5DI0-B
4A37-A
3ZT9-A
5E0Y-A
1AQZ-B
3CA8-A
5KE1-B
4Z04-A
5WD9-A
5COT-A
3F5O-F
1DFU-P
4EP4-B
4PWS-A
2W8T-A
2OVJ-A
5J6Y-A
4MM2-B
1PBY-A
5TOH-B
5A10-A
4U5R-A
1YOC-A
4RZY-D
3FAK-A
6B9X-D
5I5M-B
5MY5-A
1IDP-C
4C24-A
3SY1-A
2AXW-A
2XET-B
2Q00-B
1AYO-B
5JGK-B
1HLB-A
1OC0-B
4FYP-A
5IZE-A
3IFU-A
3RHZ-A
3ZNV-A
5HLJ-A
3NYC-A
2HD0-G
3H7H-A
1KOE-A
5CDV-A
5BOW-A
4H5S-B
2VVF-C
2C7N-I
5XLY-B
4MB7-A
3S8G-C
3FYM-A
4S36-A
5E6X-A
1VCT-A
3TOW-A
1G2R-A
4JJ0-A
4CW4-A
1XOV-A
4U5H-E
1HUL-A
4RPT-B
3E4G-A
4OO4-B
2YVE-B
1VQO-B
5JCA-S
3KF8-D
4G3O-A
4IJN-A
4CKM-B
5EIK-A
4L4E-A
5FRY-B
5JEL-A
4QO5-A
4CE8-C
1KVE-B
2UVP-A
5O1L-B
2FRG-P
2XZE-B
3L8W-A
3S8G-A
1QKS-A
2ZQM-A
4ZDT-A
3RLK-A
3C3Y-B
3KJH-A
3A72-A
5A12-D
5BRL-A
4DID-B
5X57-A
1HXR-B
4NG0-B
4LE7-A
2C0Z-A
1SFP-A
5NHM-D
1XO0-B
5W15-D
5NOD-A
3GWC-F
5CWH-A
3A07-A
2HMV-B
5E9P-A
5GZA-A
4ACI-B
1PIX-A
3QWL-A
5MFO-D
4JE3-A
3M7O-A
3E3V-A
1U19-A
3MDU-A
2CAR-B
3IA1-B
4N7W-A
3CUZ-A
4I0X-C
1YBK-B
4BWV-A
5T2P-B
5JNO-B
2OX6-D
1GL4-A
1F2T-B
1HZ4-A
4UN1-C
3U52-B
4ZBO-D
5J4M-A
3TBD-A
3ZFI-A
3ANO-B
4WOL-C
3B8X-A
3O8M-A
5BX1-A
3RT2-A
2P6W-A
4JCC-A
3VY8-X
3WX7-A
2GB4-B
3K67-B
4K12-B
5UNI-A
3CHM-A
4FYB-B
4DHX-A
4USO-D
4N2X-G
4LRZ-E
3HPC-X
5U22-A
4PKM-A
5A35-A
3NBC-A
1AIS-B
2R6U-A
1OOE-B
3EVY-A
2GUZ-K
2B0C-A
5CJZ-A
4B2O-A
1QAZ-A
1O69-A
4K70-B
5OSW-A
3HF5-B
1YRE-A
2OSX-A
3VP9-A
2WQK-B
3E5X-A
4YTW-D
5KF9-A
4WCK-A
3GGY-A
5CWW-C
1B35-D
1FIU-D
4XZF-A
1NKI-A
5EL9-A
1QD6-D
4EI7-B
5F5S-B
2P9X-A
5M5E-C
5UZX-B
4BPZ-A
4H03-A
5HJF-B
4TRT-A
5M10-A
1RP0-A
4D2H-C
4ATM-A
1O7Z-A
5A8J-A
5UI9-B
4CAH-B
4NWY-A
4O0A-A
1T6F-A
4RZL-B
3ZDS-F
3WUP-A
5GPY-B
1TKE-A
5FVN-D
4YCB-B
3BD1-B
1CL8-A
2P38-A
3N08-B
2Y1B-A
4IPS-A
2DG1-F
3WRY-B
3IBH-A
1T6U-E
1JKE-B
4H6C-I
4AXO-B
5LEO-A
3N1E-A
5C40-B
1R29-A
2FT0-B
5WX9-A
5B1A-J
1CV8-A
1XZP-B
3UFF-B
4FD7-D
4R1D-A
2PGN-B
3QZX-A
3S4E-A
1QQF-A
3TL8-K
4JW2-A
3SKQ-A
4DZZ-B
4KNK-B
5N3U-B
4IHQ-C
3OBQ-A
5MV0-B
2O1K-B
4D0Q-A
1QWD-B
2FX5-A
3R2P-A
5B1A-N
4R9O-B
4IL6-T
5LYP-A
3N10-A
1F3V-A
5X40-A
5CSR-B
4U9U-A
3AEI-A
4I6K-A
2XFG-B
1MJN-A
1N62-C
4Q86-D
1ZVA-A
3BMV-A
2AYD-A
3ZYP-A
3G91-A
2EHB-D
3QHO-C
4N3Y-C
3X0U-B
1W23-A
2XDJ-C
3LYX-B
5CG5-A
1RA0-A
4RXJ-A
3SX6-A
4YSL-A
1IO0-A
5KEF-B
4OKE-B
5L0V-B
3BQW-A
5M2P-A
5NIR-B
4A5N-C
2HNU-C
3HJH-A
4BLU-A
4PQH-A
6B9X-A
5L0V-A
3ZIH-B
5H2F-X
5BT9-C
4AYO-A
4D6V-A
5BXA-A
2XCM-E
2YCD-A
3NW4-A
1KQ3-A
5IT0-A
3VII-A
4O6U-A
4AIV-A
4XR9-A
3ZRG-A
2F0C-B
3LQB-A
1C1D-A
1RI6-A
5H3X-A
4M73-A
2ODF-F
2V1Q-B
3S6P-E
1HCU-B
3JTZ-A
5DWD-A
2PIE-A
5AMH-A
4F1J-B
4JP6-A
5FLY-B
4G2S-C
4UC1-C
4YVO-A
1K4I-A
4N1I-A
2WW5-A
1HQ0-A
2Q0X-B
5CWG-A
2OMZ-B
1GNY-A
3ID1-A
1JHC-A
4IEJ-A
4Z7E-B
5GNA-B
3BT4-A
4WY4-D
5B7Y-B
5EJ8-H
3R87-A
3VTX-A
5JAZ-B
3U2U-A
3A6R-B
1MK0-A
2HC8-A
5K0P-J
3TDS-E
3B4U-B
6B9X-B
3IM1-A
2REE-A
4BEU-A
5H2F-L
3VN5-A
4CRU-B
2JBY-A
3HRZ-B
1EFD-N
5M0W-A
5HWA-A
5HAM-B
4L77-B
1CCW-D
1V4E-B
2OXO-A
2ZSJ-C
2NT0-D
1C8N-A
3UMH-A
4WY4-C
1SEN-A
1A12-C
3ORH-D
3OL3-B
1JYO-D
4M0W-A
1JB7-A
5NNY-A
4YP6-C
2GIY-B
1JB0-E
3ZIL-A
5F18-A
3FLP-A
2JIS-B
2O6P-B
3T5X-A
5UEJ-A
4B21-A
4ERN-A
1WCV-1
4N0P-F
1ZC3-B
1XTE-A
2CA5-A
1R7J-A
1ZB1-B
5T6J-B
4XOM-B
3V69-A
5CGQ-A
4AZ6-A
1JOV-A
4HKG-A
3BES-R
2NW8-A
2UZ1-A
5CXX-B
2O5F-B
1SZH-B
4OD6-A
3G21-A
1JO0-B
3WXM-H
4FTX-A
3ZUI-A
2CCQ-A
5E4B-B
2HY5-A
4ZA6-B
3HS3-B
3DSO-A
1D2N-A
4UE8-B
3L32-A
2VVE-A
2H88-B
4LO6-B
1UFI-D
1X91-A
5JBX-A
4NNO-A
3TW0-D
2YFU-A
5EFZ-F
2HY7-A
3BYP-A
2FP1-A
4JMU-A
5V1T-A
4KT6-B
5MU9-A
5H6X-B
3BMA-C
1WWC-A
2XN6-A
2JEK-A
2VZC-A
5FI3-A
4MGQ-A
5DVI-A
1OFU-Y
2Y7E-B
4FSD-A
2ZFD-A
5U0I-A
4PQ9-A
3KP1-F
3ZPX-B
1UNN-D
3MAB-B
2UU8-A
4LRT-D
3C8I-A
2WUJ-B
1KU3-A
1ZYM-A
5UFT-A
4JF8-A
5G1L-A
2IXA-A
5DFY-A
1LR5-B
5VAC-A
4JZ5-A
1XQO-A
3EFG-A
5I8T-A
5AFD-A
1QR0-A
1G5A-A
2FB5-A
2H62-C
3I4Z-B
2XPP-A
1MK4-B
4CT0-B
1KDG-A
3E7Q-B
5J1N-A
4U98-A
5M3I-B
3PYC-A
1RWZ-A
5TIP-C
4NBP-A
4NOG-A
1WZD-B
4UDK-E
5LXF-B
3X34-A
2EBB-A
3LE4-A
1WMI-C
1NXM-A
3H8D-F
2X8T-B
3GD6-A
2QFA-B
2D5B-A
1GAK-A
4AVS-E
4HZ9-B
5B0U-B
5B66-C
5X6S-B
2RBK-A
2R5U-A
5NOA-A
4ZY7-A
4XRM-B
3OC8-A
5UNI-B
1US5-A
1H2B-A
4E40-A
4UE0-B
5G4I-A
5XBC-A
3S84-B
2XUS-A
4EO0-A
3EYY-B
1N0W-B
4X8Y-B
3VV1-B
1I71-A
2EHZ-A
2ZNR-A
4PVK-A
2GWF-A
4KWD-C
4WXS-A
2QCP-X
1P1J-A
2DB0-A
4MI8-B
2WDQ-H
2HXT-A
5DJO-B
5IMU-A
3GE3-B
2P65-A
1SJ1-A
2Z3J-B
4CBU-G
5JE2-B
2XDP-A
2ZFU-B
1RIF-A
1RYP-N
4LX3-B
3N0K-A
3EHG-A
5AY6-B
1T9I-B
3X38-B
1IAP-A
3VEJ-B
2JA9-A
3E8M-D
4QPW-A
4NBX-A
2IIH-A
5IB0-E
1T6S-B
4XY5-A
2P5K-A
4XR8-H
1HW7-A
1XLQ-A
1OFL-A
5UM7-A
4N30-A
3ZEU-A
4Y1B-A
4X2H-A
2AKF-C
3UEB-D
1Q2H-C
5T1I-B
4WYH-A
3DRF-A
6F6P-C
5SY8-O
2C9Q-A
2Z84-A
5A1N-A
1UNQ-A
4PZ1-A
3ZMD-B
2PST-X
3B8F-B
1O5L-A
3GTZ-C
3DA5-A
3ZZY-A
5VOG-A
2FJ8-A
4B0Z-A
5L87-A
2GGC-A
1UOY-A
4XZZ-B
1Z6N-A
4F7G-B
1X6M-D
4PQD-A
3FDQ-A
2POM-A
4UHT-B
1OV9-B
4EHU-B
5XAU-F
1JL1-A
3F9X-D
3NOJ-A
5LW0-B
2PFZ-A
2QDQ-A
1U9L-B
4OUS-A
1C94-A
3GAE-A
4FIX-A
4BMD-A
2C1V-A
4RHS-A
2PTT-B
4BOL-A
4MFK-A
4FZP-A
2Y6X-A
3V4K-A
1WWZ-A
5F2K-A
1ES9-A
3GMG-B
3A2Z-A
4ZVF-A
5LAL-B
3QWG-B
5L04-B
1EVL-D
3KZQ-E
4UEC-B
1J77-A
5XAU-B
5CUO-B
4BK7-A
5JIP-B
1UCD-A
5O0T-A
4XPM-B
2VVW-A
4GI3-C
1R6J-A
5CKL-A
2I2X-G
5J9I-G
4L2I-A
1RY9-C
3BPQ-A
5MB2-B
2X5R-A
1PYO-D
2FYG-A
1NKZ-F
1SYX-B
5KAR-A
4H2W-D
2Y7B-A
1QFH-A
3GM5-A
2HJ1-B
4WNN-D
1VQO-P
1JY2-Q
2X8X-X
2ZB4-A
3OV9-A
1V30-A
3ROF-A
1IKT-A
5J1S-A
4WAI-D
3DWG-C
3B0D-W
1LN1-A
2XHF-B
4IKV-A
4E5X-G
4XCV-A
1Y96-B
1VIM-B
5D22-A
3FDE-A
3B0G-A
1TWF-J
2H8G-B
2AIB-A
4JWJ-B
4NFU-A
4V2B-B
4WKZ-B
4GEH-A
3VIV-B
1WM1-A
3RLF-G
3U9W-A
5IJA-A
1BKR-A
4CHM-D
4R30-B
3I00-A
4NG2-L
2VW8-A
4UOS-A
4N7F-B
4X5M-C
4PAS-A
5FTB-A
4N0T-A
2WM3-A
2E12-A
2BVF-B
4ZBH-A
1S9R-A
5TW9-F
4J7O-A
4K02-A
2NTK-D
2YEV-F
5CHL-A
4RZ4-H
5E1Y-A
3M7N-A
1BJA-B
3MAO-A
4UUU-A
1EAY-D
4KM6-A
4N4J-A
5IHW-A
3H6P-A
5DJT-A
3MIL-A
2E1F-A
1YFQ-A
1B3U-A
3HOL-A
4MTU-A
5O75-A
4QMH-A
4Z29-B
5BR4-B
2ZAY-A
3V6G-A
5AOG-A
4QND-A
1JET-A
4GIP-B
5VHV-A
3SZY-A
3R8J-B
3PSH-A
1U5U-B
2BMO-B
3KEW-A
4PMO-A
4ATE-A
2UYT-A
1SVF-B
5KTN-A
1CC8-A
5E8S-A
5LW5-A
3IP4-B
1H6D-K
5K1P-A
2A9I-A
3M66-A
4MNN-A
1FSG-C
3L39-A
3SU6-A
5AQ0-A
2ERF-A
4ZX2-A
3X2M-A
3WFD-B
3EA6-A
2XKI-A
4NSV-A
2BK8-A
1N08-B
5T3B-A
1JB0-D
4ZSX-A
5HT7-B
5XLJ-A
2FNU-A
4TKX-L
2ARC-A
4Y68-A
4ZJ9-A
2BMO-A
5C5D-D
3CS5-A
2VTW-E
4OFA-A
3ZE3-B
1XWV-B
1J24-A
1S7I-A
5YEG-A
2QEV-A
1D5T-A
4L2H-A
5AIG-B
3EOI-B
4WU0-A
3GHA-A
1W53-A
2WL8-B
6AZP-B
1XD3-A
4EDP-A
3LA7-A
2CHP-D
5F47-A
4KDW-A
4WPG-A
5LY3-A
3N2O-B
3P0Y-A
4NPD-A
5AZW-A
4KGI-C
2C1L-B
2ABW-B
2E56-A
3I5Q-B
1FCY-A
5VJ2-B
1PF5-A
4LRT-C
4DV8-A
5IOJ-B
1US0-A
4BFH-A
2R60-A
5ELK-A
1GNL-B
4NAW-K
3T7A-A
3ZBO-B
2NVO-A
1RGX-B
1UB9-A
4KV2-B
3R0N-A
4ZDS-A
2BKX-A
5TXE-B
1DJ0-A
3PVI-B
5D50-F
4CHE-A
3IRS-A
5NUS-B
3NDQ-A
1DP4-A
5IYZ-A
5HHE-D
5TED-B
1WLZ-B
5FJZ-C
5ER9-B
5OL9-A
4ZMK-A
5COS-C
4RT1-C
1BRT-A
4EFO-A
3MMG-A
5XJ5-A
4RGD-A
4XUK-A
3DD7-A
4Y60-C
5A1I-A
2CB8-A
4GXW-A
3CP7-B
4W8K-B
4ZOS-D
3D4U-B
4ZDT-D
3AMI-A
2DQL-B
5DHD-A
4MBY-F
5B1Q-B
4ALZ-A
3M7K-A
2GF3-A
4A56-A
4DLH-A
3BAS-A
3KQ0-A
1V74-B
5MDT-A
3KB9-A
1ON2-B
1L7A-A
2GXG-A
2YZT-A
4C0F-D
5FZS-A
4ILO-B
5WUC-A
3HRD-G
3LD1-A
5CR4-B
4L57-A
1VQO-3
1WOL-A
5EWY-A
2F4M-B
3ULJ-B
5O99-B
2QDL-B
4WPM-A
3EJF-A
5O9E-A
2W50-A
2ZZJ-A
3UV5-A
2PYW-A
1VMB-A
3E19-C
2DYO-B
3B64-A
5BY5-A
4UB8-R
5X03-B
4MIY-A
3KQN-A
1S2O-A
5C55-A
1TWF-L
3TG9-B
1I2T-A
1OSY-B
1JQL-B
2A26-A
3GKR-A
5AYV-B
2Z30-B
2H9B-A
3G46-A
5MWB-A
2CAY-B
1U84-A
3ME0-B
2XHA-B
3IPJ-A
2COV-D
3D79-A
2J6P-E
1G8E-B
2Z72-A
3WLI-A
5LJ8-B
5HLO-B
5LY8-A
3HTK-A
4HJ1-C
2DYI-A
1JY2-S
4CDJ-B
5JPO-D
2NPS-C
5B66-X
2E9X-E
4HIA-B
1IXH-A
4Z9N-F
1SEF-A
5LPI-B
3D03-C
4X2P-A
4RP9-A
5TZP-A
1JF3-A
3RWN-B
2DE6-C
2WBF-X
4RXV-A
4O6Y-B
1EUV-B
5TNV-A
2HUE-B
1SFU-A
1CG2-D
3LLU-A
4U9N-A
2CHG-C
5B66-Z
3FD4-B
1MJ5-A
4XB6-D
4OJ8-C
3GX8-A
3K6Y-A
3OQI-A
2OV2-J
4EVY-B
2ECU-A
4HNO-A
5TRQ-A
4XA9-C
3TTC-A
1YT3-A
2YVI-A
2HY5-C
1NYC-A
1MPG-A
3UCS-B
4KMC-A
3V67-B
1IOM-A
1N13-E
2NZX-C
3CIM-A
4E1S-A
1M1Q-A
5UGR-A
3ZS9-D
4EMN-B
1R9L-A
4O00-A
3OG6-B
4L9P-B
2OZE-A
5FAF-A
5XA5-A
2CJJ-A
4N0K-B
3M5Q-A
4PSW-A
3VMV-A
5ED9-B
4RMX-C
3FKE-B
1JR2-B
2F5G-B
1WLE-B
3TDU-D
2BS2-C
2FR5-C
2EV1-B
1QST-A
5V2C-X
2QTV-D
4JPN-B
3D9N-A
3S8G-B
1DAB-A
3AGN-A
3NJN-C
4K90-A
3BJE-B
2ASK-B
6EKB-A
3H86-G
2RL8-B
2P14-A
2R6J-B
5MUZ-A
4IC4-A
3OST-A
4LJR-A
2IMQ-X
2DP9-A
2O71-A
4XUR-C
5C2M-A
5H6T-A
2VHA-A
4UAS-A
5AZX-B
4H6Q-C
3FQM-A
3DWO-X
5AQ5-E
4DNY-A
3II2-A
3FZY-B
3HTK-B
1TH7-J
3DHA-A
5L9Z-A
5XLS-A
2DVM-C
3WRB-A
3IIS-M
2QFA-C
3NVW-B
3SJM-B
1KLX-A
5BSE-A
6AZ5-A
3W6B-B
4UU3-B
4Q2S-A
4PAW-A
2I2C-A
1GMU-A
2IXM-A
5AYS-C
2POC-B
1I2K-A
1M70-D
4LUK-A
3KUV-B
3V0R-A
3FJU-B
4BI3-B
5XJG-B
2V54-B
1PZW-A
1I1R-B
5WWO-C
3U9R-B
3MD1-A
4BOU-A
3IM3-A
3LGD-A
5I0Q-A
4RLZ-B
4GA2-A
3PM2-A
3RJ2-X
3QF7-D
1DQG-A
3PE6-A
5OVO-A
4XUO-B
3BH0-A
5CUK-A
4EAD-A
2FA1-B
2WNP-F
4K82-A
4X00-B
4OF6-A
1F5Q-B
5HJM-A
4FP5-G
1NNW-B
6B3P-A
4YLQ-T
4J42-B
5JQY-A
3BC1-F
3ZBD-B
3DJL-A
4O7K-A
2WVQ-A
5MC7-B
3ZJA-A
3IT5-B
3AHN-B
3T3L-A
5LOL-A
1QUU-A
2J3T-C
1QW9-B
5MVW-B
5HTX-A
3QR7-B
4CS4-A
3GK7-A
2C1M-B
5KWE-D
1T3Y-A
4M0Q-A
5LKQ-A
1N8V-B
3ZJ0-A
2D4P-A
2W15-A
2IVF-C
4QTP-C
5KZA-A
2WJN-C
2QYA-C
2HEU-B
1P1M-A
1VQO-1
4UJ7-A
1B77-B
3MLN-A
2XOD-A
5WWD-A
5B5I-A
3AGC-A
1ZXX-A
4FZ2-B
3EI3-B
2QTS-D
5A07-B
1ZE3-H
3A4C-A
4LPS-A
5FQ4-B
4Q2L-A
2ZPT-X
2P0M-B
3U64-A
5N76-C
5CIY-A
3CT5-A
3OIY-A
2FAO-A
3D9X-B
4DT4-A
2QMQ-A
1QEX-A
3BPV-A
2BM5-A
2XZI-B
1M2D-A
4MZY-A
3P7I-A
5T86-A
2W40-D
4KRU-A
2JKH-L
4RI5-A
4ZZF-A
3GDH-C
5CWI-A
2Z0J-F
3LT7-F
2RG4-A
4W7W-A
4ZE8-D
2V3A-A
5OJ7-A
2ZS0-C
3PG7-B
5NIO-A
4UDX-X
2IDO-D
3QP4-A
5U9J-B
4OD8-A
4MZC-A
2P57-A
3MVA-O
2VQG-H
4W8Q-A
1JIX-A
2ZDP-B
3VZ9-D
1OYG-A
1YKI-B
2Q88-A
3AA0-A
4MP0-B
4QHQ-A
1RTQ-A
1TUH-A
3QZB-A
2YHO-G
3I9F-B
4GYT-A
2YOP-C
3VSN-A
5IAA-C
5H02-A
1JOS-A
1G61-A
5UBP-A
5TD6-A
2FPH-X
3GNA-A
5KY4-B
4RKS-B
3CJP-B
2R1J-R
1V6P-B
6AU8-C
2ZK9-X
4GEK-A
3HO7-B
3LY7-A
5A0Y-E
5EQ0-A
1KAF-C
5LW3-A
3U4Z-B
3HPW-C
4HR6-C
5LEF-C
4WFC-D
1HJ6-A
1XAW-A
1L2W-L
5L2L-E
3A9J-C
4X33-A
3GG7-A
2B8I-A
1YU0-A
1DEV-D
1ETE-D
4BK0-B
2NX2-A
4I90-A
3QWU-B
3IRA-A
5LB7-B
4IGU-B
3O6Q-D
3BWZ-A
4B8E-B
5Y11-C
3Q20-B
3TG0-D
3F1L-B
4USR-A
5O3M-D
1LC0-A
4B1M-B
2O4T-A
1UKF-A
1E2W-A
1JYO-E
4Z0Y-B
4QLP-A
5V8S-A
3ME7-A
5JO8-A
1JFU-B
5VKY-A
3SXU-A
2GQW-A
4FVD-A
5MR1-A
3ONJ-A
4D5T-F
4A0E-B
5B66-J
1VHT-B
2D81-A
2DKJ-A
1YS1-X
5VG3-B
5B1A-Y
4F3V-A
2YF4-C
1PZ4-A
3NG9-F
4XOT-A
4JVC-A
4LUP-C
1BTK-B
4Q5W-B
4YTW-C
2HBV-A
5U1M-A
4CO8-A
2BH1-Y
5E57-A
3M5B-A
3RLO-A
2UV4-A
5HQH-A
5WC6-M
1OZ2-A
1MN8-C
2J8G-A
3FWY-A
3QY7-A
4EUO-A
3UJC-A
5TGQ-A
4EJR-B
3MB5-A
1IM3-P
5EWO-A
2GUI-A
3DHX-B
3THI-A
4OLS-B
4XZ6-A
5UDI-A
1OU8-B
1EI7-B
2V66-D
3PDG-A
4KKZ-C
4FPP-A
5F2T-A
5UMH-B
3UMO-A
5KVS-B
4NHB-B
3GMX-B
1YIX-A
3S99-A
5AL6-A
5KAG-K
1H97-B
3NSX-B
5CL8-A
4M8A-A
5BU3-B
5B66-B
2PA7-B
2YVS-B
4J6O-A
1Z3E-A
5URO-A
5LS7-B
1FS7-A
3AA0-B
2EX5-A
1SBY-B
4AYA-B
5ODQ-J
3T33-A
4NYQ-A
1Y1X-A
2OKT-A
3IAG-C
4ESW-A
1CB8-A
4COG-C
1QAM-A
3KYJ-A
3OCU-A
4JS1-A
4AOR-E
1EER-A
2PIA-A
4AT0-A
3SSO-C
2O9S-A
1PVM-B
4A4J-A
1VQO-W
3EJ9-B
3KG0-A
4MFI-A
4FAS-D
1VQO-R
1H6Y-B
5M97-A
3BQP-B
1NR0-A
5YHY-A
2BWR-A
5CEC-A
5LP9-A
4K12-A
4QMD-B
5JRB-F
5HHJ-A
3MSX-B
3IT4-A
5NJ9-D
3L2B-B
4NYH-C
1N81-A
1RR7-A
4BVX-A
4B6X-B
4PVZ-C
2XWV-A
3N17-A
4L0N-B
1WMH-A
3FAC-D
2Q28-B
4F87-C
4H4N-A
1P3C-A
2JDC-A
2Z51-A
4ZFV-B
5M7Y-A
2B99-D
1BX7-A
1MVL-A
4ZOQ-G
3FFV-B
3PIW-A
3VZA-F
1UGI-F
3E8T-A
4RL8-D
1Y88-A
2YFV-B
1KNY-B
5EYN-A
5UE1-B
3VBJ-A
5OAV-A
5FVK-A
3R3P-B
2I5V-O
4XPM-A
2Y7P-A
1JYE-A
2FQM-F
4ZP0-A
4KF9-A
4ZAV-A
1U53-A
5GTQ-A
5TSE-A
4LY4-A
2MHR-A
1NH1-A
1Y1P-A
3WKG-A
5LSL-G
2JH1-A
2E5Y-A
5XSJ-L
2OPC-A
2BF6-A
5EMI-A
1SHU-X
2X5F-A
4GMU-A
5O0U-A
2YAL-B
4BFO-A
3SQZ-A
5I3E-B
5C17-A
2PXX-A
4FBC-B
4X9F-A
4ZHW-A
3K3V-A
4AEQ-A
5WRI-A
3ZQS-A
2YEQ-B
1SR4-C
2JHF-B
5UIW-A
1FT5-A
3WSG-E
3RBS-A
5F22-A
2JDA-A
4WCJ-A
5A0L-B
5A0N-A
5V1Y-B
5DKP-J
5MVW-D
5FR7-B
4KDD-A
4OKV-F
1X3K-A
1BYF-A
3L7H-D
4B6G-A
2FJR-A
1VD6-A
3N3M-A
4WXA-C
5GKE-A
1S0P-B
4KTW-B
2W5E-D
5WJP-A
5LY9-A
4W8P-A
1VKK-A
4NDO-A
3BRV-C
2OYA-A
4F2F-A
5FZP-B
5X3D-A
4HH3-C
2X49-A
1OD3-A
3ENU-A
3PMC-B
4YPN-A
5TSC-B
4AJY-B
1GUI-A
5AMT-A
5FMO-S
1ZAV-W
3SHG-A
1S12-D
5JDJ-L
4KYQ-A
4ZCN-A
5LSI-E
1VI6-A
3C5X-C
2ED6-L
3VRD-A
2VYO-A
1TP6-A
4MUQ-A
1P1X-B
3POP-C
5AWS-A
1ORS-C
2UUZ-B
3I45-A
1MZ9-E
3COV-A
1R8E-A
2YSK-A
4QPN-A
2XWS-A
2AQ6-A
1NH2-B
1GK9-B
4LLO-A
3DP7-B
5JDK-A
2V03-A
2WWE-A
1H8P-B
1S3C-A
3EEH-A
2HD9-A
4RH0-A
3OA5-B
1GZS-D
5B6C-A
4EGU-A
3TUT-A
3ZOJ-A
1FTR-D
1WS8-B
3QFM-A
3UUW-D
3M91-A
3T7L-A
3F5H-B
4GOS-A
4HH5-A
5BPX-A
1XKR-A
5UN7-B
2DDX-A
1LB6-A
3OV8-A
1HR6-F
1IX9-B
4IN0-A
7A3H-A
5WFB-A
1XAK-A
4HJI-B
1VH5-A
4YEC-A
1JUV-A
3DJ1-A
5U7A-B
4EQQ-A
3QVP-A
3HSH-D
3AKB-A
5B66-M
4I3Y-B
2B9S-B
1EB6-A
4M0N-A
4HLY-A
5KWB-A
4Z24-B
1SEI-B
4DPB-X
2BJQ-A
1Q6O-B
2XTC-A
3P3C-A
3VSV-B
4FCH-B
4AQR-D
1UUN-B
2I53-A
3BS7-B
3VKW-A
3RET-A
5KCI-A
3FDS-C
5T5L-A
4YII-A
4XAL-A
4W9W-A
5D7U-B
2FVV-A
4E9X-C
4UPI-A
12AS-A
4Y99-B
4IL6-J
3ZR8-X
4MIJ-A
1OH4-A
5Y9Q-A
4G6D-B
5VEG-C
4MUV-A
2J5G-D
3QS2-A
4HBE-B
4W4K-C
5FII-B
5MAL-A
4ZB3-A
5B66-H
5A0Y-F
5T5I-D
5FHK-D
1F0K-B
5B66-K
4DS7-F
2FGQ-X
4U1E-G
2I9I-A
1VYR-A
5SWC-E
4Q7O-A
3THG-A
2DGK-D
2ZD7-A
5TAB-A
1Y8A-A
1PSR-B
5K3Q-A
5JVI-E
1GXY-A
1R45-A
2VE3-A
1SR8-A
3PLU-A
3IPR-E
4BJ0-A
5O5S-A
3AQB-A
3LFJ-B
3D59-A
3QGU-B
4UEL-C
1MTY-C
2IMF-A
1HH8-A
2ZW5-B
3W1O-B
3CNU-A
2BKY-A
1LWB-A
2XZ2-A
4PQQ-A
3OFK-B
4TXW-A
3Q1T-B
4TKB-A
5X4R-A
5KLH-B
1P3H-D
4CCS-A
3UEN-A
4JK8-B
3GXV-B
4KU0-B
2H9A-B
4NZR-M
1EZJ-A
5V2C-J
4TXR-C
2BO9-B
5SZC-A
2YY8-B
1X2I-B
3F2E-A
2NSF-A
5TQI-B
5L9Z-B
2DWU-C
5L0R-B
5TVO-B
3FS8-B
5FG0-A
3NJ2-B
5BWD-C
1I5P-A
3PP5-A
4CVR-A
2AZJ-B
3JSY-B
1QSA-A
4EYT-F
3A8R-B
1WMX-A
1ZHS-E
2GRR-B
5UT3-A
2Q5C-A
3TT9-A
3CX5-M
3VYG-B
2JKU-A
5E9N-A
3A16-C
5V8K-A
4OXX-A
4IGB-C
1OR4-B
5M1M-A
4ZR8-B
3WUR-A
2SPC-B
4NQW-B
3P9A-A
3B42-B
2QIH-B
3EDY-A
1LJ2-A
2P75-B
2W72-D
3PF7-A
4QM6-B
1NU7-H
5L73-A
3VB0-C
2J9O-C
3H6P-C
1G6G-A
5D16-B
5DLE-D
1MTY-E
1H2C-A
3F4S-A
1T92-A
1GWE-A
1U07-B
1EOK-A
1WDJ-C
2WEF-A
5JXC-C
5T6J-A
3DKM-A
4G7N-A
3NDH-B
2V8I-A
2GKE-A
5JIE-D
5BOI-A
5FCM-B
4YCA-B
1M0D-C
3SD7-A
4ZEV-B
3MVS-A
3IXS-L
3MHS-C
5EQZ-A
3G48-A
5Y1F-A
1VQO-Q
3E54-A
4YH8-A
2ZGY-B
1CY5-A
1L8D-A
2ZCX-A
2QHB-A
4YUC-A
1NKP-A
4FNV-A
1YNB-B
4JE3-B
3DCM-X
5K21-C
5T95-A
4Y0H-A
4X5P-A
3JXO-B
2A5D-B
1KQP-B
4L4Q-B
2ICW-G
4OQ9-N
3TMG-B
3UP3-A
2D0O-C
4EBY-A
4J7B-F
1JB7-B
1OQJ-A
6AOZ-C
2PSP-A
3BOD-A
5I5N-B
4QIT-A
3PVV-A
1SZ7-A
5W1U-B
4QLP-B
1XPP-A
5A4A-A
4PSF-B
2UW1-A
4KT6-C
3U7Q-C
4INW-A
3CU9-A
4RAS-A
1BM8-A
2CH7-A
4GIO-B
4NXY-A
4YUD-A
3DMG-A
1TT8-A
3VP5-A
1ZKE-C
4R52-A
1KWF-A
2FCW-A
3Q3E-A
5MLZ-A
5T44-B
5K0A-D
4OMG-B
4HQU-A
1QZM-A
4G26-A
3JV1-A
4CD8-A
3ZOQ-B
5T59-C
5OQ3-A
1JNR-A
5NKQ-B
3N79-A
2CJ4-A
5KAY-B
3ALJ-A
4HI0-B
3W36-B
2JFR-A
1CQ3-B
1HE1-B
3O2R-A
4QXB-B
2IUM-C
4AVR-A
5H29-A
4YHB-A
3FVZ-A
2YFV-C
2YHG-A
4G9E-B
1RKU-B
4QP5-B
3ZL8-A
2YNA-A
4ZLD-A
3DDT-C
1YAC-B
1V4P-C
3L9B-A
4MT8-A
5XGT-A
3HC7-A
1B5Q-A
4UN2-B
3ESK-A
2X3J-A
4G08-A
3OR1-E
4KKR-B
5G2C-A
1D0D-A
1DP7-P
4A20-A
4NZG-C
2V3G-A
5KEW-C
4N5H-X
2P4Z-A
6BLK-D
2R31-A
2EI9-A
5BUW-A
2DDZ-E
3VK8-B
2VXN-A
3EUS-A
5H0Q-A
4QTQ-A
5IUF-B
5HI8-B
4OMB-A
4R78-A
6ELM-A
3MAY-H
2POR-A
3T6Q-A
1LZL-A
3H5L-A
1JDC-A
5X5M-A
4XIN-A
1V9F-A
4BU0-A
3UAF-A
4EU9-A
4FVG-A
4FZL-B
3AYV-D
3ESI-A
5PMX-A
3W4S-A
5H6I-B
3S0A-A
2CO3-A
5YGE-B
4G6T-A
3C7A-A
5NVM-D
3C19-A
4YBA-B
4S3I-B
3KZ5-E
5CX7-I
4H3K-B
3ZNU-A
4MYP-B
3GHF-A
2XIO-A
2X5H-B
5LX9-A
5MX2-K
5A9T-A
2I4L-A
5TUU-B
1E44-B
2D3D-A
1MY7-B
2QF4-A
5I0Y-A
2BKR-A
3KP8-A
3R9M-A
2VNG-A
3HA9-A
5DTC-A
5MU3-D
5J3T-A
1OAI-A
4ACL-A
3S44-A
4Y7S-A
5BZ3-A
1WMH-B
4HRS-A
4MEA-A
1KXG-C
2WZO-A
5B3T-A
4KJY-A
4Y88-A
4LH6-A
3RFT-C
3VK6-A
1DXG-B
4KG0-A
5VPE-D
4DOQ-D
2IGP-A
3O3M-A
5IXH-B
2ILK-A
2X5C-B
5H5F-A
4AK2-A
5OHQ-A
1XG5-D
4I6R-A
2W3X-F
2QLC-E
3B5M-C
5U5G-B
3HR0-B
3N40-P
3BEX-A
2C2U-A
4OZU-A
5CZL-A
4O7H-A
3O4H-D
3SK2-B
1ZAV-A
4NRH-D
1USC-B
1TE5-A
2XVC-A
3KPE-A
5KO5-A
1POI-D
3MDM-A
1WRD-A
1C5E-B
1IFR-A
5VZ4-B
3HFW-A
1W99-A
2HZF-A
2X65-B
2BBA-A
5B46-B
2DKO-A
4ERY-A
5MJR-A
4QC6-A
5L8S-C
2V7Q-J
3WAS-B
5XMZ-A
2BO4-E
3FAU-B
1Y0H-B
5O45-A
3CSX-B
4AU1-A
3PYW-A
3OG9-B
3C6F-C
2CJT-D
2GWD-A
4JAQ-C
5H7E-A
5G28-A
1FM0-D
5LSI-D
4REK-A
1GP6-A
2Q7A-B
4BPF-A
4BJS-B
3TUF-A
3CLW-B
4PZ3-A
3OQ4-A
3QYE-B
5GUD-F
3VN0-C
5FMO-L
4ZA1-A
1CKM-B
5GK1-D
4TR6-B
5IUC-B
2I74-B
5ABV-B
2HY5-B
1ZOQ-D
2W5Q-A
4WXM-E
1SVF-A
2DY1-A
1I1Q-A
5G2D-A
4LG8-A
4UUL-B
5MC1-A
2Q6Q-B
4RVC-A
3CRV-A
2XTT-A
5UJC-A
4ESM-A
1RJD-A
3GOE-A
3MCB-B
5BY4-A
5T9Y-C
4XTB-A
3F6Y-A
3ZZH-C
4NC7-B
3M0F-B
2SQC-B
3QHQ-A
1GS5-A
4AQ4-A
3EKI-A
4F0W-A
5IPY-B
3UUE-A
2YN5-A
3A57-A
1MVF-D
4LON-B
3N3Y-B
3AG7-A
2PMY-A
4YH8-B
2V33-B
5U3Q-B
2FWH-A
5UH7-A
1L3P-A
2V89-B
5AJJ-A
4PWW-A
3JTN-A
3ILW-B
5A0R-A
5EXE-C
1DTD-B
1Y9L-A
2NUH-A
3W54-C
3H8G-C
1TUW-A
5B7W-A
1WN2-A
1LLF-A
4QA8-A
2HW2-A
5MSD-A
4TQ1-B
2QJF-B
1C9K-B
1ZZK-A
4PDC-F
4B2F-A
2X5Y-A
3AK8-E
3Q4A-B
3H6J-A
4YL8-A
4OKZ-B
4ADZ-A
2XHG-A
2R2D-F
2ZXE-G
4UDE-A
3NSW-F
5GRQ-C
4WY4-B
3HLX-D
4X9Z-A
1GK6-A
2OLN-A
4REP-A
5OLR-C
4I1S-B
5M45-C
5X1E-E
3FTD-A
3I57-B
1RMG-A
1XMT-A
1CSH-A
3MPC-B
3VYX-A
4MAX-C
4CCV-A
4HS2-A
4AIK-A
3MUJ-B
4BYZ-A
1X8Q-A
3TXS-D
5WL1-A
5MK2-B
1UCR-A
5LE5-Z
1E7L-A
2XP1-A
4LMO-C
4TMX-A
2AG4-B
4NV0-B
3T6A-A
4P3A-B
1N13-L
4NJ6-B
1P57-A
4WDC-A
4ZKQ-A
3M9Q-A
3FWB-B
5A0J-A
5GHE-A
4ZV5-B
3PCV-A
4OCV-A
3IE4-B
4IYA-A
4PHJ-B
3BT7-B
2BUE-A
3V46-A
1MTP-A
5MX2-V
2NZ7-A
2I8T-B
4GQM-A
5TCK-B
4E1P-A
2GPE-D
3ZXK-A
4MT2-A
4L9U-B
1D3B-I
4V17-B
3GLV-A
3EYI-B
5MUN-A
2OF3-A
3RGO-A
1HK8-A
1QLW-A
4GC3-A
4OM8-B
5KY5-B
2HL7-A
3DS4-B
3UFB-A
1X3L-A
2QSK-A
4QBO-A
3LHQ-B
3VPZ-A
1R6X-A
4D5B-A
4BT7-A
3AOT-A
1PL5-A
4WPY-A
4YV4-H
3MJ6-A
3M91-B
4IUW-A
4JIU-A
4R12-A
2XHI-A
1XS0-C
1KYF-A
5HOK-C
4WBE-B
3UID-A
3WNZ-A
1W66-A
5ME5-B
1UHV-D
5GYY-G
5X2E-A
4A02-A
4J0D-A
3FPF-B
2DM9-A
5NJ9-C
2RIE-C
2JE6-B
1W5R-B
1MC2-A
4CO6-F
5GV0-A
1VQO-X
4N4U-A
1KP6-A
1Y60-C
4TYZ-B
2PET-A
3R15-A
4ELN-A
2YXO-A
2ZY4-D
2QCU-B
4RCJ-A
2V8T-B
5LJW-B
2I49-A
4YCU-C
2J7A-C
5CHP-A
1FXK-C
2PND-A
2GAG-C
1V5I-B
3WMI-A
4ZSF-A
5M0Y-B
4WY4-A
5WUJ-A
1YZV-A
1EZ3-B
2W1J-B
1O5U-A
3UD1-C
6AO7-A
2XQQ-C
4Q4G-X
2ELC-D
1BEA-A
2WFB-A
6ENS-A
5F4C-B
4O9L-A
5LS4-A
3PF2-A
2P0W-A
4RXT-A
2EY4-D
1R44-A
3WOE-C
3X0V-A
1U6T-A
1N62-A
5DCL-B
5GMC-D
3QD7-X
4Y5J-A
3AX2-C
5O30-C
3WGX-A
4DA2-A
3O9Z-A
4U9H-S
4D2K-B
1FPZ-C
1G12-A
1B35-A
5JLV-D
1K78-I
3D32-B
3FRQ-B
5BV8-A
3NI0-B
3NNF-A
1G3K-A
5IZA-A
4AQL-A
3SS7-X
2YLN-A
1JB0-M
2FBQ-A
1F1M-C
3DK9-A
3UB6-A
3UPL-B
3LUM-A
3SZA-B
5C50-A
5HB6-A
4KQI-A
4R4M-B
4DZ4-C
2FUL-B
3BAM-A
1ZPS-A
4LVN-P
6EYU-B
5OEI-A
1A8L-A
5D18-A
1T6C-A
4BFC-A
2ODK-B
5UQ6-A
5T0F-B
1V7Z-A
5B08-A
1L9L-A
3RMU-D
1NTV-A
5MPW-C
4GZC-A
4J1O-A
3DBY-Q
1PDK-B
5FNO-A
1UF5-A
5KOX-A
1AHS-A
4ENE-A
5LNR-D
3RKG-A
3MAZ-A
1NSZ-A
3TAH-B
4W5X-A
3HVA-B
5MAB-A
2HKJ-A
4YNX-A
1UVJ-B
3KAN-B
3DSD-A
2FD5-A
5TXU-A
2Y24-A
1XRK-B
2RA1-A
2BFW-A
1J27-A
4YOR-A
3ACH-A
4A7U-A
3TZY-A
2FL4-A
6ENX-A
3CQJ-A
4C2L-A
2YH5-A
5ISV-A
4DKW-C
2OFC-B
5JGE-E
1FEU-A
1T0P-B
3E1I-A
2ZVY-B
1MZW-B
2PKD-F
1C8U-A
4ZKY-B
3UWP-A
5TDA-A
4J27-B
3OND-B
5CGQ-B
4QFL-A
4GN5-A
1F5V-B
3E96-B
4DT5-A
4J8S-A
4JTM-A
1O7J-C
5J90-A
4ESK-B
3C7X-A
4TXR-A
4K8W-A
3GA3-A
4Z47-A
4IPI-A
5A6M-A
2ZYR-B
4FLB-A
5Y3C-A
2XU3-A
1W6S-D
5E8J-D
2OVG-A
4ZYL-B
1I0R-A
2NLR-A
4HN7-A
3PJP-A
5IG0-A
3L49-D
2P0B-A
1SA3-B
1Y43-A
2WE5-B
5ICU-A
6APP-B
1JB3-A
2FIP-E
2GSC-B
3BW6-A
5L37-C
4ML1-C
3MAL-B
4AC1-X
3LVJ-D
2CS7-B
2F5T-X
4IQB-A
2IVN-A
3VLA-A
1LBU-A
2WDS-A
4IC9-A
3FLO-D
4Z8W-A
5OH5-A
2E2A-B
3SJ5-B
5XJ1-A
2VWS-A
1Q08-A
3VVY-D
4B89-A
3PFG-A
3SC7-X
3W07-A
1FN9-A
3SWO-D
3C9A-A
3CX5-G
3MBR-X
3OTI-B
1V70-A
5EP6-B
3U52-D
3ZPJ-A
4IX3-B
4N6K-A
2GMH-B
1MWW-B
4DIX-A
4CU5-D
1NKG-A
2F1F-B
4RY9-B
2OLM-A
3U3Z-A
4QDC-A
2WYA-C
5UWA-B
1JID-A
4RHZ-A
2FQ3-A
2A6H-E
5X42-C
1XDP-B
1GU7-A
5CZG-A
5UFN-A
3AIA-A
2H88-C
1S5U-F
2CHC-A
5HAW-B
5MGW-A
1V33-A
3DME-A
4KU0-D
3MJ0-A
3CIJ-B
1ET1-B
4JD0-A
5D9R-A
5CYW-B
5D2K-A
3PD7-A
4HVY-A
1EPF-B
4RZ9-A
3ALR-C
5HML-A
3VC1-L
5O15-A
4J32-B
2GE7-B
5Y4Z-A
5MRI-A
3FPN-A
1GU4-A
1JB0-J
1KA1-A
5X9K-B
2E0N-B
4QPT-A
5T5I-K
4YPO-B
3ILS-A
4WSF-A
4E6U-A
1HDO-A
2YFA-A
1NKZ-E
3PSM-A
1VQO-Z
1ROC-A
4L8H-B
5IXG-B
3B0T-A
1TU9-A
3R90-F
2Q7F-A
2CXC-A
1JCD-A
2WAG-A
5D6E-A
4DI9-A
1YHT-A
2XTS-A
5JRT-A
3VX0-A
4W6Y-A
5FV8-A
4H4D-B
5C79-B
4O66-D
4HE6-A
3GIA-A
5TZD-A
1UWC-B
5WST-B
2FZP-A
5UOF-A
1V2Z-A
5NQV-B
2V75-A
4CJ0-A
3G67-A
3WUZ-A
3UT4-B
1TKJ-A
4N5U-A
3N7X-A
2C3N-B
4HZ9-A
1LY1-A
5KTC-A
3GFS-L
3NO7-B
3DTD-I
4R2Y-C
4CFI-A
3GXQ-B
1MKK-B
4OX0-A
2RCI-A
2TPS-A
2J6L-E
4GBM-A
1EW4-A
5LUS-F
4ABL-A
4FGC-E
5LE5-Y
4EQA-C
5COY-A
5V07-Z
5FJD-C
5CEG-C
3CNB-C
5KLA-A
4ZJH-A
1DJ7-A
2QJL-A
1TUV-A
3OSE-A
4ESQ-A
2A6Q-D
1FOB-A
3ACX-A
3GPG-B
2CZV-C
5LCY-C
3WDN-A
3UQC-D
4C69-X
5WWW-A
3KWE-A
4L9E-A
4G9S-A
3LQV-B
4CPC-G
3VUQ-C
3DNJ-A
4IL7-A
1SVS-A
1LF6-B
3MKQ-F
2CPG-B
1NG6-A
5D4V-B
4HWC-A
3C0W-A
4WH9-A
2WI8-A
4ANN-A
1M56-D
3GYY-D
5G4K-A
5ITM-D
4OMF-B
4MZJ-A
2ZOG-A
1QQR-C
4H8O-D
1SG4-C
3FLD-B
4RJW-A
4PP4-A
3SWY-A
2XCM-D
3CX5-O
5AJO-A
2JEN-A
2BII-A
1UTY-A
5EXE-A
5H1X-B
2EHG-A
2YIZ-C
2I39-B
5L20-A
4KCF-A
4ME2-A
3NPH-B
2VSW-B
3ZVS-C
4XSL-B
2GYQ-B
2XF7-B
4W7L-B
3TC3-B
2P1M-B
3ESL-B
5KDS-A
2HIQ-B
1TG0-A
4JN7-A
5ODQ-C
2O9U-X
3PMO-A
2DYJ-B
5JJ2-A
3DM8-A
5GT5-A
3R5T-A
2IID-B
4ADN-A
3MQD-A
6AVX-A
5MAW-E
3C5E-A
3U0C-B
3MD7-A
5LNI-A
5U7F-A
3PMS-A
1RV9-A
1ORN-A
4IUM-A
1VQO-U
1TC3-C
1W4S-A
1T1J-A
2RIN-B
3I94-A
3B9W-A
4H2D-A
2XOL-B
1J3W-B
3GJ0-A
1E30-A
4PJ2-D
3A0S-A
1T33-B
3B7H-A
3BC9-A
3US3-A
1N67-A
3W06-A
2H8E-A
4WHS-C
3V6I-B
2QQ4-B
3DEO-A
3F4M-A
2D8D-B
1PUC-A
3B0D-B
3VA9-A
2DY0-A
2W1V-B
5UAO-C
2F6M-D
4W8B-A
5IDB-A
4LAN-A
1X6I-B
5L77-A
2NLS-A
3O94-D
3PIJ-B
3FHV-A
4JQU-B
3VSJ-B
1EGW-C
4UOB-A
3TM8-A
4TW5-A
4JNU-D
1KT6-A
3BPJ-B
2W2N-E
3H87-C
4I3M-A
2XOV-A
4ZPC-A
5LE5-W
1UFY-A
5H0J-A
3NA7-A
5B1A-M
4WZX-A
4HR3-A
5AGI-A
4Y9I-A
3NEH-B
4ZWQ-G
2J1V-A
4L8I-A
2VS7-A
4APO-B
4Z9H-A
1QYN-A
2NOG-A
4LZX-B
2F48-A
1L6R-B
4GDO-E
2E8B-A
3E9U-A
